2018-05-08 14:50:34.931  INFO 28720 --- [main] com.dotnar.usc.OAuth2ServerApplication   : The following profiles are active: dev
2018-05-08 14:50:34.963  INFO 28720 --- [main] ationConfigEmbeddedWebApplicationContext : Refreshing org.springframework.boot.context.embedded.AnnotationConfigEmbeddedWebApplicationContext@25230246: startup date [Tue May 08 14:50:34 CST 2018]; parent: org.springframework.context.annotation.AnnotationConfigApplicationContext@534a5a98
2018-05-08 14:50:36.782 DEBUG 28720 --- [main] o.m.s.mapper.ClassPathMapperScanner      : Identified candidate component class: URL [jar:file:/E:/comp_code_workspace/user-safe-center/oauth2_server/target/oauth2_server/lib/us-core-1.0-SNAPSHOT.jar!/com/dotnar/usc/core/mapper/AppVersionMapper.class]
2018-05-08 14:50:36.783 DEBUG 28720 --- [main] o.m.s.mapper.ClassPathMapperScanner      : Identified candidate component class: URL [jar:file:/E:/comp_code_workspace/user-safe-center/oauth2_server/target/oauth2_server/lib/us-core-1.0-SNAPSHOT.jar!/com/dotnar/usc/core/mapper/DocumentCatalogMapper.class]
2018-05-08 14:50:36.784 DEBUG 28720 --- [main] o.m.s.mapper.ClassPathMapperScanner      : Identified candidate component class: URL [jar:file:/E:/comp_code_workspace/user-safe-center/oauth2_server/target/oauth2_server/lib/us-core-1.0-SNAPSHOT.jar!/com/dotnar/usc/core/mapper/DocumentContentMapper.class]
2018-05-08 14:50:36.785 DEBUG 28720 --- [main] o.m.s.mapper.ClassPathMapperScanner      : Identified candidate component class: URL [jar:file:/E:/comp_code_workspace/user-safe-center/oauth2_server/target/oauth2_server/lib/us-core-1.0-SNAPSHOT.jar!/com/dotnar/usc/core/mapper/DocumentIndexHomeMapper.class]
2018-05-08 14:50:36.785 DEBUG 28720 --- [main] o.m.s.mapper.ClassPathMapperScanner      : Identified candidate component class: URL [jar:file:/E:/comp_code_workspace/user-safe-center/oauth2_server/target/oauth2_server/lib/us-core-1.0-SNAPSHOT.jar!/com/dotnar/usc/core/mapper/EventTriggerMapper.class]
2018-05-08 14:50:36.786 DEBUG 28720 --- [main] o.m.s.mapper.ClassPathMapperScanner      : Identified candidate component class: URL [jar:file:/E:/comp_code_workspace/user-safe-center/oauth2_server/target/oauth2_server/lib/us-core-1.0-SNAPSHOT.jar!/com/dotnar/usc/core/mapper/HzCardTempMapper.class]
2018-05-08 14:50:36.787 DEBUG 28720 --- [main] o.m.s.mapper.ClassPathMapperScanner      : Identified candidate component class: URL [jar:file:/E:/comp_code_workspace/user-safe-center/oauth2_server/target/oauth2_server/lib/us-core-1.0-SNAPSHOT.jar!/com/dotnar/usc/core/mapper/IdCardInfoMapper.class]
2018-05-08 14:50:36.788 DEBUG 28720 --- [main] o.m.s.mapper.ClassPathMapperScanner      : Identified candidate component class: URL [jar:file:/E:/comp_code_workspace/user-safe-center/oauth2_server/target/oauth2_server/lib/us-core-1.0-SNAPSHOT.jar!/com/dotnar/usc/core/mapper/InternalUserMapper.class]
2018-05-08 14:50:36.788 DEBUG 28720 --- [main] o.m.s.mapper.ClassPathMapperScanner      : Identified candidate component class: URL [jar:file:/E:/comp_code_workspace/user-safe-center/oauth2_server/target/oauth2_server/lib/us-core-1.0-SNAPSHOT.jar!/com/dotnar/usc/core/mapper/LatestAppUrlMapper.class]
2018-05-08 14:50:36.789 DEBUG 28720 --- [main] o.m.s.mapper.ClassPathMapperScanner      : Identified candidate component class: URL [jar:file:/E:/comp_code_workspace/user-safe-center/oauth2_server/target/oauth2_server/lib/us-core-1.0-SNAPSHOT.jar!/com/dotnar/usc/core/mapper/MailDataMapper.class]
2018-05-08 14:50:36.790 DEBUG 28720 --- [main] o.m.s.mapper.ClassPathMapperScanner      : Identified candidate component class: URL [jar:file:/E:/comp_code_workspace/user-safe-center/oauth2_server/target/oauth2_server/lib/us-core-1.0-SNAPSHOT.jar!/com/dotnar/usc/core/mapper/MailTempMapper.class]
2018-05-08 14:50:36.790 DEBUG 28720 --- [main] o.m.s.mapper.ClassPathMapperScanner      : Identified candidate component class: URL [jar:file:/E:/comp_code_workspace/user-safe-center/oauth2_server/target/oauth2_server/lib/us-core-1.0-SNAPSHOT.jar!/com/dotnar/usc/core/mapper/MessageReceiverMapper.class]
2018-05-08 14:50:36.794 DEBUG 28720 --- [main] o.m.s.mapper.ClassPathMapperScanner      : Identified candidate component class: URL [jar:file:/E:/comp_code_workspace/user-safe-center/oauth2_server/target/oauth2_server/lib/us-core-1.0-SNAPSHOT.jar!/com/dotnar/usc/core/mapper/SysSmsMapper.class]
2018-05-08 14:50:36.795 DEBUG 28720 --- [main] o.m.s.mapper.ClassPathMapperScanner      : Identified candidate component class: URL [jar:file:/E:/comp_code_workspace/user-safe-center/oauth2_server/target/oauth2_server/lib/us-core-1.0-SNAPSHOT.jar!/com/dotnar/usc/core/mapper/UsBranchSystemMapper.class]
2018-05-08 14:50:36.797 DEBUG 28720 --- [main] o.m.s.mapper.ClassPathMapperScanner      : Identified candidate component class: URL [jar:file:/E:/comp_code_workspace/user-safe-center/oauth2_server/target/oauth2_server/lib/us-core-1.0-SNAPSHOT.jar!/com/dotnar/usc/core/mapper/UsBusinessAuthzMapper.class]
2018-05-08 14:50:36.797 DEBUG 28720 --- [main] o.m.s.mapper.ClassPathMapperScanner      : Identified candidate component class: URL [jar:file:/E:/comp_code_workspace/user-safe-center/oauth2_server/target/oauth2_server/lib/us-core-1.0-SNAPSHOT.jar!/com/dotnar/usc/core/mapper/UsDeviceInfoMapper.class]
2018-05-08 14:50:36.798 DEBUG 28720 --- [main] o.m.s.mapper.ClassPathMapperScanner      : Identified candidate component class: URL [jar:file:/E:/comp_code_workspace/user-safe-center/oauth2_server/target/oauth2_server/lib/us-core-1.0-SNAPSHOT.jar!/com/dotnar/usc/core/mapper/UsSysTokenMapper.class]
2018-05-08 14:50:36.798 DEBUG 28720 --- [main] o.m.s.mapper.ClassPathMapperScanner      : Identified candidate component class: URL [jar:file:/E:/comp_code_workspace/user-safe-center/oauth2_server/target/oauth2_server/lib/us-core-1.0-SNAPSHOT.jar!/com/dotnar/usc/core/mapper/UsUserInfoMapper.class]
2018-05-08 14:50:36.799 DEBUG 28720 --- [main] o.m.s.mapper.ClassPathMapperScanner      : Identified candidate component class: URL [jar:file:/E:/comp_code_workspace/user-safe-center/oauth2_server/target/oauth2_server/lib/us-core-1.0-SNAPSHOT.jar!/com/dotnar/usc/core/mapper/UsUserLoginLogMapper.class]
2018-05-08 14:50:36.799 DEBUG 28720 --- [main] o.m.s.mapper.ClassPathMapperScanner      : Identified candidate component class: URL [jar:file:/E:/comp_code_workspace/user-safe-center/oauth2_server/target/oauth2_server/lib/us-core-1.0-SNAPSHOT.jar!/com/dotnar/usc/core/mapper/UsUserMapper.class]
2018-05-08 14:50:36.800 DEBUG 28720 --- [main] o.m.s.mapper.ClassPathMapperScanner      : Identified candidate component class: URL [jar:file:/E:/comp_code_workspace/user-safe-center/oauth2_server/target/oauth2_server/lib/us-core-1.0-SNAPSHOT.jar!/com/dotnar/usc/core/mapper/UsUserOperationLogMapper.class]
2018-05-08 14:50:36.807 DEBUG 28720 --- [main] o.m.s.mapper.ClassPathMapperScanner      : Identified candidate component class: URL [jar:file:/E:/comp_code_workspace/user-safe-center/oauth2_server/target/oauth2_server/lib/us-core-1.0-SNAPSHOT.jar!/com/dotnar/usc/core/mapper/UsUserStatusMapper.class]
2018-05-08 14:50:36.809 DEBUG 28720 --- [main] o.m.s.mapper.ClassPathMapperScanner      : Identified candidate component class: URL [jar:file:/E:/comp_code_workspace/user-safe-center/oauth2_server/target/oauth2_server/lib/us-core-1.0-SNAPSHOT.jar!/com/dotnar/usc/core/mapper/UsUserSystemBoundMapper.class]
2018-05-08 14:50:36.814 DEBUG 28720 --- [main] o.m.s.mapper.ClassPathMapperScanner      : Identified candidate component class: URL [jar:file:/E:/comp_code_workspace/user-safe-center/oauth2_server/target/oauth2_server/lib/us-core-1.0-SNAPSHOT.jar!/com/dotnar/usc/core/mapper/UsVerificationCodeMapper.class]
2018-05-08 14:50:36.816 DEBUG 28720 --- [main] o.m.s.mapper.ClassPathMapperScanner      : Creating MapperFactoryBean with name 'appVersionMapper' and 'com.dotnar.usc.core.mapper.AppVersionMapper' mapperInterface
2018-05-08 14:50:36.818 DEBUG 28720 --- [main] o.m.s.mapper.ClassPathMapperScanner      : Enabling autowire by type for MapperFactoryBean with name 'appVersionMapper'.
2018-05-08 14:50:36.819 DEBUG 28720 --- [main] o.m.s.mapper.ClassPathMapperScanner      : Creating MapperFactoryBean with name 'documentCatalogMapper' and 'com.dotnar.usc.core.mapper.DocumentCatalogMapper' mapperInterface
2018-05-08 14:50:36.823 DEBUG 28720 --- [main] o.m.s.mapper.ClassPathMapperScanner      : Enabling autowire by type for MapperFactoryBean with name 'documentCatalogMapper'.
2018-05-08 14:50:36.825 DEBUG 28720 --- [main] o.m.s.mapper.ClassPathMapperScanner      : Creating MapperFactoryBean with name 'documentContentMapper' and 'com.dotnar.usc.core.mapper.DocumentContentMapper' mapperInterface
2018-05-08 14:50:36.826 DEBUG 28720 --- [main] o.m.s.mapper.ClassPathMapperScanner      : Enabling autowire by type for MapperFactoryBean with name 'documentContentMapper'.
2018-05-08 14:50:36.834 DEBUG 28720 --- [main] o.m.s.mapper.ClassPathMapperScanner      : Creating MapperFactoryBean with name 'documentIndexHomeMapper' and 'com.dotnar.usc.core.mapper.DocumentIndexHomeMapper' mapperInterface
2018-05-08 14:50:36.835 DEBUG 28720 --- [main] o.m.s.mapper.ClassPathMapperScanner      : Enabling autowire by type for MapperFactoryBean with name 'documentIndexHomeMapper'.
2018-05-08 14:50:36.836 DEBUG 28720 --- [main] o.m.s.mapper.ClassPathMapperScanner      : Creating MapperFactoryBean with name 'eventTriggerMapper' and 'com.dotnar.usc.core.mapper.EventTriggerMapper' mapperInterface
2018-05-08 14:50:36.837 DEBUG 28720 --- [main] o.m.s.mapper.ClassPathMapperScanner      : Enabling autowire by type for MapperFactoryBean with name 'eventTriggerMapper'.
2018-05-08 14:50:36.838 DEBUG 28720 --- [main] o.m.s.mapper.ClassPathMapperScanner      : Creating MapperFactoryBean with name 'hzCardTempMapper' and 'com.dotnar.usc.core.mapper.HzCardTempMapper' mapperInterface
2018-05-08 14:50:36.839 DEBUG 28720 --- [main] o.m.s.mapper.ClassPathMapperScanner      : Enabling autowire by type for MapperFactoryBean with name 'hzCardTempMapper'.
2018-05-08 14:50:36.839 DEBUG 28720 --- [main] o.m.s.mapper.ClassPathMapperScanner      : Creating MapperFactoryBean with name 'idCardInfoMapper' and 'com.dotnar.usc.core.mapper.IdCardInfoMapper' mapperInterface
2018-05-08 14:50:36.843 DEBUG 28720 --- [main] o.m.s.mapper.ClassPathMapperScanner      : Enabling autowire by type for MapperFactoryBean with name 'idCardInfoMapper'.
2018-05-08 14:50:36.845 DEBUG 28720 --- [main] o.m.s.mapper.ClassPathMapperScanner      : Creating MapperFactoryBean with name 'internalUserMapper' and 'com.dotnar.usc.core.mapper.InternalUserMapper' mapperInterface
2018-05-08 14:50:36.851 DEBUG 28720 --- [main] o.m.s.mapper.ClassPathMapperScanner      : Enabling autowire by type for MapperFactoryBean with name 'internalUserMapper'.
2018-05-08 14:50:36.852 DEBUG 28720 --- [main] o.m.s.mapper.ClassPathMapperScanner      : Creating MapperFactoryBean with name 'latestAppUrlMapper' and 'com.dotnar.usc.core.mapper.LatestAppUrlMapper' mapperInterface
2018-05-08 14:50:36.856 DEBUG 28720 --- [main] o.m.s.mapper.ClassPathMapperScanner      : Enabling autowire by type for MapperFactoryBean with name 'latestAppUrlMapper'.
2018-05-08 14:50:36.858 DEBUG 28720 --- [main] o.m.s.mapper.ClassPathMapperScanner      : Creating MapperFactoryBean with name 'mailDataMapper' and 'com.dotnar.usc.core.mapper.MailDataMapper' mapperInterface
2018-05-08 14:50:36.864 DEBUG 28720 --- [main] o.m.s.mapper.ClassPathMapperScanner      : Enabling autowire by type for MapperFactoryBean with name 'mailDataMapper'.
2018-05-08 14:50:36.867 DEBUG 28720 --- [main] o.m.s.mapper.ClassPathMapperScanner      : Creating MapperFactoryBean with name 'mailTempMapper' and 'com.dotnar.usc.core.mapper.MailTempMapper' mapperInterface
2018-05-08 14:50:36.871 DEBUG 28720 --- [main] o.m.s.mapper.ClassPathMapperScanner      : Enabling autowire by type for MapperFactoryBean with name 'mailTempMapper'.
2018-05-08 14:50:36.873 DEBUG 28720 --- [main] o.m.s.mapper.ClassPathMapperScanner      : Creating MapperFactoryBean with name 'messageReceiverMapper' and 'com.dotnar.usc.core.mapper.MessageReceiverMapper' mapperInterface
2018-05-08 14:50:36.875 DEBUG 28720 --- [main] o.m.s.mapper.ClassPathMapperScanner      : Enabling autowire by type for MapperFactoryBean with name 'messageReceiverMapper'.
2018-05-08 14:50:36.878 DEBUG 28720 --- [main] o.m.s.mapper.ClassPathMapperScanner      : Creating MapperFactoryBean with name 'sysSmsMapper' and 'com.dotnar.usc.core.mapper.SysSmsMapper' mapperInterface
2018-05-08 14:50:36.878 DEBUG 28720 --- [main] o.m.s.mapper.ClassPathMapperScanner      : Enabling autowire by type for MapperFactoryBean with name 'sysSmsMapper'.
2018-05-08 14:50:36.882 DEBUG 28720 --- [main] o.m.s.mapper.ClassPathMapperScanner      : Creating MapperFactoryBean with name 'usBranchSystemMapper' and 'com.dotnar.usc.core.mapper.UsBranchSystemMapper' mapperInterface
2018-05-08 14:50:36.883 DEBUG 28720 --- [main] o.m.s.mapper.ClassPathMapperScanner      : Enabling autowire by type for MapperFactoryBean with name 'usBranchSystemMapper'.
2018-05-08 14:50:36.884 DEBUG 28720 --- [main] o.m.s.mapper.ClassPathMapperScanner      : Creating MapperFactoryBean with name 'usBusinessAuthzMapper' and 'com.dotnar.usc.core.mapper.UsBusinessAuthzMapper' mapperInterface
2018-05-08 14:50:36.885 DEBUG 28720 --- [main] o.m.s.mapper.ClassPathMapperScanner      : Enabling autowire by type for MapperFactoryBean with name 'usBusinessAuthzMapper'.
2018-05-08 14:50:36.885 DEBUG 28720 --- [main] o.m.s.mapper.ClassPathMapperScanner      : Creating MapperFactoryBean with name 'usDeviceInfoMapper' and 'com.dotnar.usc.core.mapper.UsDeviceInfoMapper' mapperInterface
2018-05-08 14:50:36.886 DEBUG 28720 --- [main] o.m.s.mapper.ClassPathMapperScanner      : Enabling autowire by type for MapperFactoryBean with name 'usDeviceInfoMapper'.
2018-05-08 14:50:36.898 DEBUG 28720 --- [main] o.m.s.mapper.ClassPathMapperScanner      : Creating MapperFactoryBean with name 'usSysTokenMapper' and 'com.dotnar.usc.core.mapper.UsSysTokenMapper' mapperInterface
2018-05-08 14:50:36.901 DEBUG 28720 --- [main] o.m.s.mapper.ClassPathMapperScanner      : Enabling autowire by type for MapperFactoryBean with name 'usSysTokenMapper'.
2018-05-08 14:50:36.901 DEBUG 28720 --- [main] o.m.s.mapper.ClassPathMapperScanner      : Creating MapperFactoryBean with name 'usUserInfoMapper' and 'com.dotnar.usc.core.mapper.UsUserInfoMapper' mapperInterface
2018-05-08 14:50:36.905 DEBUG 28720 --- [main] o.m.s.mapper.ClassPathMapperScanner      : Enabling autowire by type for MapperFactoryBean with name 'usUserInfoMapper'.
2018-05-08 14:50:36.907 DEBUG 28720 --- [main] o.m.s.mapper.ClassPathMapperScanner      : Creating MapperFactoryBean with name 'usUserLoginLogMapper' and 'com.dotnar.usc.core.mapper.UsUserLoginLogMapper' mapperInterface
2018-05-08 14:50:36.908 DEBUG 28720 --- [main] o.m.s.mapper.ClassPathMapperScanner      : Enabling autowire by type for MapperFactoryBean with name 'usUserLoginLogMapper'.
2018-05-08 14:50:36.909 DEBUG 28720 --- [main] o.m.s.mapper.ClassPathMapperScanner      : Creating MapperFactoryBean with name 'usUserMapper' and 'com.dotnar.usc.core.mapper.UsUserMapper' mapperInterface
2018-05-08 14:50:36.915 DEBUG 28720 --- [main] o.m.s.mapper.ClassPathMapperScanner      : Enabling autowire by type for MapperFactoryBean with name 'usUserMapper'.
2018-05-08 14:50:36.916 DEBUG 28720 --- [main] o.m.s.mapper.ClassPathMapperScanner      : Creating MapperFactoryBean with name 'usUserOperationLogMapper' and 'com.dotnar.usc.core.mapper.UsUserOperationLogMapper' mapperInterface
2018-05-08 14:50:36.917 DEBUG 28720 --- [main] o.m.s.mapper.ClassPathMapperScanner      : Enabling autowire by type for MapperFactoryBean with name 'usUserOperationLogMapper'.
2018-05-08 14:50:36.918 DEBUG 28720 --- [main] o.m.s.mapper.ClassPathMapperScanner      : Creating MapperFactoryBean with name 'usUserStatusMapper' and 'com.dotnar.usc.core.mapper.UsUserStatusMapper' mapperInterface
2018-05-08 14:50:36.918 DEBUG 28720 --- [main] o.m.s.mapper.ClassPathMapperScanner      : Enabling autowire by type for MapperFactoryBean with name 'usUserStatusMapper'.
2018-05-08 14:50:36.918 DEBUG 28720 --- [main] o.m.s.mapper.ClassPathMapperScanner      : Creating MapperFactoryBean with name 'usUserSystemBoundMapper' and 'com.dotnar.usc.core.mapper.UsUserSystemBoundMapper' mapperInterface
2018-05-08 14:50:36.919 DEBUG 28720 --- [main] o.m.s.mapper.ClassPathMapperScanner      : Enabling autowire by type for MapperFactoryBean with name 'usUserSystemBoundMapper'.
2018-05-08 14:50:36.920 DEBUG 28720 --- [main] o.m.s.mapper.ClassPathMapperScanner      : Creating MapperFactoryBean with name 'usVerificationCodeMapper' and 'com.dotnar.usc.core.mapper.UsVerificationCodeMapper' mapperInterface
2018-05-08 14:50:36.921 DEBUG 28720 --- [main] o.m.s.mapper.ClassPathMapperScanner      : Enabling autowire by type for MapperFactoryBean with name 'usVerificationCodeMapper'.
2018-05-08 14:50:37.260  INFO 28720 --- [main] o.s.b.f.s.DefaultListableBeanFactory     : Overriding bean definition for bean 'managementServletContext' with a different definition: replacing [Root bean: class [null]; scope=; abstract=false; lazyInit=false; autowireMode=3; dependencyCheck=0; autowireCandidate=true; primary=false; factoryBeanName=org.springframework.boot.actuate.autoconfigure.EndpointWebMvcHypermediaManagementContextConfiguration; factoryMethodName=managementServletContext; initMethodName=null; destroyMethodName=(inferred); defined in class path resource [org/springframework/boot/actuate/autoconfigure/EndpointWebMvcHypermediaManagementContextConfiguration.class]] with [Root bean: class [null]; scope=; abstract=false; lazyInit=false; autowireMode=3; dependencyCheck=0; autowireCandidate=true; primary=false; factoryBeanName=org.springframework.boot.actuate.autoconfigure.EndpointWebMvcAutoConfiguration; factoryMethodName=managementServletContext; initMethodName=null; destroyMethodName=(inferred); defined in class path resource [org/springframework/boot/actuate/autoconfigure/EndpointWebMvcAutoConfiguration.class]]
2018-05-08 14:50:37.304  INFO 28720 --- [main] .s.d.r.c.RepositoryConfigurationDelegate : Multiple Spring Data modules found, entering strict repository configuration mode!
2018-05-08 14:50:38.235  INFO 28720 --- [main] o.s.cloud.context.scope.GenericScope     : BeanFactory id=207d126a-e4bb-3f46-8a6b-0fbc361c10f4
2018-05-08 14:50:38.277  INFO 28720 --- [main] f.a.AutowiredAnnotationBeanPostProcessor : JSR-330 'javax.inject.Inject' annotation found and supported for autowiring
2018-05-08 14:50:38.593  INFO 28720 --- [main] trationDelegate$BeanPostProcessorChecker : Bean 'org.springframework.transaction.annotation.ProxyTransactionManagementConfiguration' of type [org.springframework.transaction.annotation.ProxyTransactionManagementConfiguration$$EnhancerBySpringCGLIB$$5918eb8c] is not eligible for getting processed by all BeanPostProcessors (for example: not eligible for auto-proxying)
2018-05-08 14:50:39.119  INFO 28720 --- [main] trationDelegate$BeanPostProcessorChecker : Bean 'org.springframework.security.config.annotation.configuration.ObjectPostProcessorConfiguration' of type [org.springframework.security.config.annotation.configuration.ObjectPostProcessorConfiguration$$EnhancerBySpringCGLIB$$f1c6b3c6] is not eligible for getting processed by all BeanPostProcessors (for example: not eligible for auto-proxying)
2018-05-08 14:50:39.259  INFO 28720 --- [main] trationDelegate$BeanPostProcessorChecker : Bean 'objectPostProcessor' of type [org.springframework.security.config.annotation.configuration.AutowireBeanFactoryObjectPostProcessor] is not eligible for getting processed by all BeanPostProcessors (for example: not eligible for auto-proxying)
2018-05-08 14:50:39.327  INFO 28720 --- [main] trationDelegate$BeanPostProcessorChecker : Bean 'org.springframework.security.access.expression.method.DefaultMethodSecurityExpressionHandler@213012a0' of type [org.springframework.security.oauth2.provider.expression.OAuth2MethodSecurityExpressionHandler] is not eligible for getting processed by all BeanPostProcessors (for example: not eligible for auto-proxying)
2018-05-08 14:50:39.347  INFO 28720 --- [main] trationDelegate$BeanPostProcessorChecker : Bean 'org.springframework.security.config.annotation.method.configuration.GlobalMethodSecurityConfiguration' of type [org.springframework.security.config.annotation.method.configuration.GlobalMethodSecurityConfiguration$$EnhancerBySpringCGLIB$$169b5678] is not eligible for getting processed by all BeanPostProcessors (for example: not eligible for auto-proxying)
2018-05-08 14:50:39.590  INFO 28720 --- [main] trationDelegate$BeanPostProcessorChecker : Bean 'methodSecurityMetadataSource' of type [org.springframework.security.access.method.DelegatingMethodSecurityMetadataSource] is not eligible for getting processed by all BeanPostProcessors (for example: not eligible for auto-proxying)
2018-05-08 14:50:40.316  INFO 28720 --- [main] trationDelegate$BeanPostProcessorChecker : Bean 'security.oauth2.client-org.springframework.boot.autoconfigure.security.oauth2.OAuth2ClientProperties' of type [org.springframework.boot.autoconfigure.security.oauth2.OAuth2ClientProperties] is not eligible for getting processed by all BeanPostProcessors (for example: not eligible for auto-proxying)
2018-05-08 14:50:40.366  INFO 28720 --- [main] trationDelegate$BeanPostProcessorChecker : Bean 'org.springframework.boot.autoconfigure.security.oauth2.OAuth2AutoConfiguration' of type [org.springframework.boot.autoconfigure.security.oauth2.OAuth2AutoConfiguration$$EnhancerBySpringCGLIB$$1062a78c] is not eligible for getting processed by all BeanPostProcessors (for example: not eligible for auto-proxying)
2018-05-08 14:50:40.450  INFO 28720 --- [main] trationDelegate$BeanPostProcessorChecker : Bean 'resourceServerProperties' of type [org.springframework.boot.autoconfigure.security.oauth2.resource.ResourceServerProperties] is not eligible for getting processed by all BeanPostProcessors (for example: not eligible for auto-proxying)
2018-05-08 14:50:40.622  INFO 28720 --- [main] trationDelegate$BeanPostProcessorChecker : Bean 'org.springframework.cloud.netflix.metrics.MetricsInterceptorConfiguration$MetricsRestTemplateConfiguration' of type [org.springframework.cloud.netflix.metrics.MetricsInterceptorConfiguration$MetricsRestTemplateConfiguration$$EnhancerBySpringCGLIB$$8b4591cd] is not eligible for getting processed by all BeanPostProcessors (for example: not eligible for auto-proxying)
2018-05-08 14:50:40.883  INFO 28720 --- [main] trationDelegate$BeanPostProcessorChecker : Bean 'org.springframework.cloud.autoconfigure.ConfigurationPropertiesRebinderAutoConfiguration' of type [org.springframework.cloud.autoconfigure.ConfigurationPropertiesRebinderAutoConfiguration$$EnhancerBySpringCGLIB$$7532ee89] is not eligible for getting processed by all BeanPostProcessors (for example: not eligible for auto-proxying)
2018-05-08 14:50:42.577  INFO 28720 --- [main] s.b.c.e.t.TomcatEmbeddedServletContainer : Tomcat initialized with port(s): 8080 (http)
2018-05-08 14:50:42.595  INFO 28720 --- [main] o.apache.catalina.core.StandardService   : Starting service [Tomcat]
2018-05-08 14:50:42.597  INFO 28720 --- [main] org.apache.catalina.core.StandardEngine  : Starting Servlet Engine: Apache Tomcat/8.5.15
2018-05-08 14:50:42.784  INFO 28720 --- [localhost-startStop-1] o.a.c.c.C.[Tomcat].[localhost].[/auth]   : Initializing Spring embedded WebApplicationContext
2018-05-08 14:50:42.786  INFO 28720 --- [localhost-startStop-1] o.s.web.context.ContextLoader            : Root WebApplicationContext: initialization completed in 7824 ms
2018-05-08 14:50:45.284  INFO 28720 --- [localhost-startStop-1] o.s.b.w.servlet.FilterRegistrationBean   : Mapping filter: 'metricsFilter' to: [/*]
2018-05-08 14:50:45.288  INFO 28720 --- [localhost-startStop-1] o.s.b.w.servlet.FilterRegistrationBean   : Mapping filter: 'characterEncodingFilter' to: [/*]
2018-05-08 14:50:45.293  INFO 28720 --- [localhost-startStop-1] o.s.b.w.servlet.FilterRegistrationBean   : Mapping filter: 'springSessionRepositoryFilter' to: [/*]
2018-05-08 14:50:45.299  INFO 28720 --- [localhost-startStop-1] o.s.b.w.servlet.FilterRegistrationBean   : Mapping filter: 'hiddenHttpMethodFilter' to: [/*]
2018-05-08 14:50:45.304  INFO 28720 --- [localhost-startStop-1] o.s.b.w.servlet.FilterRegistrationBean   : Mapping filter: 'httpPutFormContentFilter' to: [/*]
2018-05-08 14:50:45.307  INFO 28720 --- [localhost-startStop-1] o.s.b.w.servlet.FilterRegistrationBean   : Mapping filter: 'requestContextFilter' to: [/*]
2018-05-08 14:50:45.310  INFO 28720 --- [localhost-startStop-1] .s.DelegatingFilterProxyRegistrationBean : Mapping filter: 'springSecurityFilterChain' to: [/*]
2018-05-08 14:50:45.318  INFO 28720 --- [localhost-startStop-1] o.s.b.w.servlet.FilterRegistrationBean   : Mapping filter: 'webRequestLoggingFilter' to: [/*]
2018-05-08 14:50:45.319  INFO 28720 --- [localhost-startStop-1] o.s.b.w.servlet.FilterRegistrationBean   : Mapping filter: 'webStatFilter' to urls: [/*]
2018-05-08 14:50:45.324  INFO 28720 --- [localhost-startStop-1] o.s.b.w.servlet.FilterRegistrationBean   : Mapping filter: 'applicationContextIdFilter' to: [/*]
2018-05-08 14:50:45.326  INFO 28720 --- [localhost-startStop-1] o.s.b.w.servlet.ServletRegistrationBean  : Mapping servlet: 'dispatcherServlet' to [/]
2018-05-08 14:50:45.329  INFO 28720 --- [localhost-startStop-1] o.s.b.w.servlet.ServletRegistrationBean  : Mapping servlet: 'statViewServlet' to [/druid/*]
2018-05-08 14:50:56.266 DEBUG 28720 --- [main] o.mybatis.spring.SqlSessionFactoryBean   : Registered plugin: 'com.github.pagehelper.PageHelper@6d6d81c'
2018-05-08 14:50:56.696 DEBUG 28720 --- [main] o.mybatis.spring.SqlSessionFactoryBean   : Parsed mapper file: 'class path resource [mapper/AppVersionMapper.xml]'
2018-05-08 14:50:56.827 DEBUG 28720 --- [main] o.mybatis.spring.SqlSessionFactoryBean   : Parsed mapper file: 'class path resource [mapper/DocumentCatalogMapper.xml]'
2018-05-08 14:50:56.879 DEBUG 28720 --- [main] o.mybatis.spring.SqlSessionFactoryBean   : Parsed mapper file: 'class path resource [mapper/DocumentContentMapper.xml]'
2018-05-08 14:50:56.964 DEBUG 28720 --- [main] o.mybatis.spring.SqlSessionFactoryBean   : Parsed mapper file: 'class path resource [mapper/DocumentIndexHomeMapper.xml]'
2018-05-08 14:50:57.013 DEBUG 28720 --- [main] o.mybatis.spring.SqlSessionFactoryBean   : Parsed mapper file: 'class path resource [mapper/EventTriggerMapper.xml]'
2018-05-08 14:50:57.065 DEBUG 28720 --- [main] o.mybatis.spring.SqlSessionFactoryBean   : Parsed mapper file: 'class path resource [mapper/HzCardTempMapper.xml]'
2018-05-08 14:50:57.109 DEBUG 28720 --- [main] o.mybatis.spring.SqlSessionFactoryBean   : Parsed mapper file: 'class path resource [mapper/IdCardInfoMapper.xml]'
2018-05-08 14:50:57.125 DEBUG 28720 --- [main] o.mybatis.spring.SqlSessionFactoryBean   : Parsed mapper file: 'class path resource [mapper/InternalUserMapper.xml]'
2018-05-08 14:50:57.165 DEBUG 28720 --- [main] o.mybatis.spring.SqlSessionFactoryBean   : Parsed mapper file: 'class path resource [mapper/LatestAppUrlMapper.xml]'
2018-05-08 14:50:57.190 DEBUG 28720 --- [main] o.mybatis.spring.SqlSessionFactoryBean   : Parsed mapper file: 'class path resource [mapper/MailDataMapper.xml]'
2018-05-08 14:50:57.214 DEBUG 28720 --- [main] o.mybatis.spring.SqlSessionFactoryBean   : Parsed mapper file: 'class path resource [mapper/MailTempMapper.xml]'
2018-05-08 14:50:57.238 DEBUG 28720 --- [main] o.mybatis.spring.SqlSessionFactoryBean   : Parsed mapper file: 'class path resource [mapper/MessageReceiverMapper.xml]'
2018-05-08 14:50:57.257 DEBUG 28720 --- [main] o.mybatis.spring.SqlSessionFactoryBean   : Parsed mapper file: 'class path resource [mapper/SysSmsMapper.xml]'
2018-05-08 14:50:57.269 DEBUG 28720 --- [main] o.mybatis.spring.SqlSessionFactoryBean   : Parsed mapper file: 'class path resource [mapper/UsBranchSystemMapper.xml]'
2018-05-08 14:50:57.300 DEBUG 28720 --- [main] o.mybatis.spring.SqlSessionFactoryBean   : Parsed mapper file: 'class path resource [mapper/UsBusinessAuthzMapper.xml]'
2018-05-08 14:50:57.313 DEBUG 28720 --- [main] o.mybatis.spring.SqlSessionFactoryBean   : Parsed mapper file: 'class path resource [mapper/UsDeviceInfoMapper.xml]'
2018-05-08 14:50:57.331 DEBUG 28720 --- [main] o.mybatis.spring.SqlSessionFactoryBean   : Parsed mapper file: 'class path resource [mapper/UsSysTokenMapper.xml]'
2018-05-08 14:50:57.353 DEBUG 28720 --- [main] o.mybatis.spring.SqlSessionFactoryBean   : Parsed mapper file: 'class path resource [mapper/UsUserInfoMapper.xml]'
2018-05-08 14:50:57.370 DEBUG 28720 --- [main] o.mybatis.spring.SqlSessionFactoryBean   : Parsed mapper file: 'class path resource [mapper/UsUserLoginLogMapper.xml]'
2018-05-08 14:50:57.394 DEBUG 28720 --- [main] o.mybatis.spring.SqlSessionFactoryBean   : Parsed mapper file: 'class path resource [mapper/UsUserMapper.xml]'
2018-05-08 14:50:57.417 DEBUG 28720 --- [main] o.mybatis.spring.SqlSessionFactoryBean   : Parsed mapper file: 'class path resource [mapper/UsUserOperationLogMapper.xml]'
2018-05-08 14:50:57.445 DEBUG 28720 --- [main] o.mybatis.spring.SqlSessionFactoryBean   : Parsed mapper file: 'class path resource [mapper/UsUserStatusMapper.xml]'
2018-05-08 14:50:57.477 DEBUG 28720 --- [main] o.mybatis.spring.SqlSessionFactoryBean   : Parsed mapper file: 'class path resource [mapper/UsUserSystemBoundMapper.xml]'
2018-05-08 14:50:57.495 DEBUG 28720 --- [main] o.mybatis.spring.SqlSessionFactoryBean   : Parsed mapper file: 'class path resource [mapper/UsVerificationCodeMapper.xml]'
2018-05-08 14:50:58.098  INFO 28720 --- [main] c.d.u.c.c.r.schedule.RetryScheduleTask   : 未开户重发数据功能
2018-05-08 14:50:59.061  INFO 28720 --- [main] c.d.usc.core.config.BranchSystemUtil     : BranchSystemUtil开始初始化菲律宾分支系统配置
2018-05-08 14:50:59.065  INFO 28720 --- [main] c.d.usc.core.config.BranchSystemUtil     : 菲律宾分支系统配置：【BranchSystemConfig{systemId='1013', serviceName='no_config', publicKey='', authorizeCallbackUrl='authorize', userOnLineListUrl='', kickoutUrl='', scanQRCodeCallbackUrl='boundQRCode'}】
2018-05-08 14:50:59.076  INFO 28720 --- [main] c.d.usc.core.config.BranchSystemUtil     : BranchSystemUtil开始初始化分支系统配置
2018-05-08 14:50:59.079  INFO 28720 --- [main] c.d.usc.core.config.BranchSystemUtil     : 麦田圈分支系统配置：【BranchSystemConfig{systemId='1001', serviceName='no_config', publicKey='', authorizeCallbackUrl='authorize', userOnLineListUrl='getUserOnLineList', kickoutUrl='kickout', scanQRCodeCallbackUrl='boundQRCode'}】
2018-05-08 14:50:59.088  INFO 28720 --- [main] c.d.usc.core.config.BranchSystemUtil     : BranchSystemUtil开始初始化极光分支系统配置
2018-05-08 14:50:59.090  INFO 28720 --- [main] c.d.usc.core.config.BranchSystemUtil     : 极光分支系统配置：【BranchSystemConfig{systemId='1003', serviceName='no_config', publicKey='', authorizeCallbackUrl='authorize', userOnLineListUrl='getUserOnLineList', kickoutUrl='kickout', scanQRCodeCallbackUrl='boundQRCode'}】
2018-05-08 14:50:59.092  INFO 28720 --- [main] c.d.usc.core.config.BranchSystemUtil     : BranchSystemUtil开始初始化邮件分支系统配置
2018-05-08 14:50:59.101  INFO 28720 --- [main] c.d.usc.core.config.BranchSystemUtil     : 邮件分支系统配置：【BranchSystemConfig{systemId='1011', serviceName='no_config', publicKey='', authorizeCallbackUrl='safe/authorize', userOnLineListUrl='safe/getUserOnLineList', kickoutUrl='safe/kickout', scanQRCodeCallbackUrl='safe/boundQRCode'}】
2018-05-08 14:50:59.104  INFO 28720 --- [main] c.d.usc.core.config.BranchSystemUtil     : BranchSystemUtil开始初始化泰国分支系统配置
2018-05-08 14:50:59.107  INFO 28720 --- [main] c.d.usc.core.config.BranchSystemUtil     : 泰国分支系统配置：【BranchSystemConfig{systemId='1014', serviceName='no_config', publicKey='', authorizeCallbackUrl='authorize', userOnLineListUrl='', kickoutUrl='', scanQRCodeCallbackUrl='boundQRCode'}】
2018-05-08 14:50:59.111  INFO 28720 --- [main] c.d.usc.core.config.BranchSystemUtil     : BranchSystemUtil开始初始化原力分支系统配置
2018-05-08 14:50:59.112  INFO 28720 --- [main] c.d.usc.core.config.BranchSystemUtil     : 原力分支系统配置：【BranchSystemConfig{systemId='1002', serviceName='no_config', publicKey='', authorizeCallbackUrl='authorize', userOnLineListUrl='getUserOnLineList', kickoutUrl='kickout', scanQRCodeCallbackUrl='boundQRCode'}】
2018-05-08 14:50:59.118  INFO 28720 --- [main] c.d.usc.core.config.BranchSystemUtil     : BranchSystemUtil开始初始化竞猜分支系统配置
2018-05-08 14:50:59.119  INFO 28720 --- [main] c.d.usc.core.config.BranchSystemUtil     : 竞猜分支系统配置：【BranchSystemConfig{systemId='1010', serviceName='no_config', publicKey='', authorizeCallbackUrl='authorize', userOnLineListUrl='getUserOnLineList', kickoutUrl='kickout', scanQRCodeCallbackUrl='boundQRCode'}】
2018-05-08 14:50:59.122  INFO 28720 --- [main] c.d.usc.core.config.BranchSystemUtil     : BranchSystemUtil开始初始化香港分支系统配置
2018-05-08 14:50:59.124  INFO 28720 --- [main] c.d.usc.core.config.BranchSystemUtil     : 香港分支系统配置：【BranchSystemConfig{systemId='1012', serviceName='no_config', publicKey='', authorizeCallbackUrl='authorize', userOnLineListUrl='', kickoutUrl='', scanQRCodeCallbackUrl='boundqrcode'}】
2018-05-08 14:50:59.133  INFO 28720 --- [main] c.d.usc.core.config.BranchSystemUtil     : BranchSystemUtil开始初始化互助交易分支系统配置
2018-05-08 14:50:59.135  INFO 28720 --- [main] c.d.usc.core.config.BranchSystemUtil     : 互助交易分支系统配置：【BranchSystemConfig{systemId='1004', serviceName='no_config', publicKey='', authorizeCallbackUrl='safe/authorize', userOnLineListUrl='safe/getUserOnLineList', kickoutUrl='safe/kickout', scanQRCodeCallbackUrl='safe/boundQRCode'}】
2018-05-08 14:50:59.136  INFO 28720 --- [main] c.d.usc.core.config.BranchSystemUtil     : BranchSystemUtil开始初始化比特世界分支系统配置
2018-05-08 14:50:59.140  INFO 28720 --- [main] c.d.usc.core.config.BranchSystemUtil     : 比特世界分支系统配置：【BranchSystemConfig{systemId='1018', serviceName='no_config', publicKey='', authorizeCallbackUrl='makeys/auth_callback', userOnLineListUrl='safe/getUserOnLineList', kickoutUrl='makeys/auth_callback', scanQRCodeCallbackUrl='makeys/scan_callback'}】
2018-05-08 14:50:59.142  INFO 28720 --- [main] c.d.usc.core.config.BranchSystemUtil     : BranchSystemUtil开始初始化兑换平台分支系统配置
2018-05-08 14:50:59.143  INFO 28720 --- [main] c.d.usc.core.config.BranchSystemUtil     : 兑换平台分支系统配置：【BranchSystemConfig{systemId='2003', serviceName='no_config', publicKey='', authorizeCallbackUrl='authorize', userOnLineListUrl='null', kickoutUrl='null', scanQRCodeCallbackUrl='boundQRCode'}】
2018-05-08 14:50:59.191  INFO 28720 --- [main] com.dotnar.usc.core.config.DictConfig    : 字典开关配置：0
2018-05-08 14:51:02.412  INFO 28720 --- [main] c.j.common.connection.NativeHttpClient   : Created instance with connectionTimeout 5,000, readTimeout 30,000, maxRetryTimes 3, SSL Version TLS
2018-05-08 14:51:02.706  INFO 28720 --- [main] c.j.common.connection.NativeHttpClient   : Created instance with connectionTimeout 5,000, readTimeout 30,000, maxRetryTimes 3, SSL Version TLS
2018-05-08 14:51:02.709  INFO 28720 --- [main] c.j.common.connection.NativeHttpClient   : Created instance with connectionTimeout 5,000, readTimeout 30,000, maxRetryTimes 3, SSL Version TLS
2018-05-08 14:51:02.714  INFO 28720 --- [main] c.j.common.connection.NativeHttpClient   : Created instance with connectionTimeout 5,000, readTimeout 30,000, maxRetryTimes 3, SSL Version TLS
2018-05-08 14:51:02.743  WARN 28720 --- [main] f.a.AutowiredAnnotationBeanPostProcessor : Autowired annotation is not supported on static fields: private static org.springframework.context.ApplicationContext com.dotnar.usc.common.util.SpringContextUtil.applicationContext
2018-05-08 14:51:02.765  INFO 28720 --- [main] com.dotnar.usc.common.util.CacheUtils    : 开始初始化CacheUtils---------------------------
2018-05-08 14:51:04.712  INFO 28720 --- [main] .s.o.p.e.FrameworkEndpointHandlerMapping : Mapped "{[/oauth/authorize]}" onto public org.springframework.web.servlet.ModelAndView org.springframework.security.oauth2.provider.endpoint.AuthorizationEndpoint.authorize(java.util.Map<java.lang.String, java.lang.Object>,java.util.Map<java.lang.String, java.lang.String>,org.springframework.web.bind.support.SessionStatus,java.security.Principal)
2018-05-08 14:51:04.727  INFO 28720 --- [main] .s.o.p.e.FrameworkEndpointHandlerMapping : Mapped "{[/oauth/authorize],methods=[POST],params=[user_oauth_approval]}" onto public org.springframework.web.servlet.View org.springframework.security.oauth2.provider.endpoint.AuthorizationEndpoint.approveOrDeny(java.util.Map<java.lang.String, java.lang.String>,java.util.Map<java.lang.String, ?>,org.springframework.web.bind.support.SessionStatus,java.security.Principal)
2018-05-08 14:51:04.731  INFO 28720 --- [main] .s.o.p.e.FrameworkEndpointHandlerMapping : Mapped "{[/oauth/token],methods=[GET]}" onto public org.springframework.http.ResponseEntity<org.springframework.security.oauth2.common.OAuth2AccessToken> org.springframework.security.oauth2.provider.endpoint.TokenEndpoint.getAccessToken(java.security.Principal,java.util.Map<java.lang.String, java.lang.String>) throws org.springframework.web.HttpRequestMethodNotSupportedException
2018-05-08 14:51:04.737  INFO 28720 --- [main] .s.o.p.e.FrameworkEndpointHandlerMapping : Mapped "{[/oauth/token],methods=[POST]}" onto public org.springframework.http.ResponseEntity<org.springframework.security.oauth2.common.OAuth2AccessToken> org.springframework.security.oauth2.provider.endpoint.TokenEndpoint.postAccessToken(java.security.Principal,java.util.Map<java.lang.String, java.lang.String>) throws org.springframework.web.HttpRequestMethodNotSupportedException
2018-05-08 14:51:04.743  INFO 28720 --- [main] .s.o.p.e.FrameworkEndpointHandlerMapping : Mapped "{[/oauth/check_token]}" onto public java.util.Map<java.lang.String, ?> org.springframework.security.oauth2.provider.endpoint.CheckTokenEndpoint.checkToken(java.lang.String)
2018-05-08 14:51:04.747  INFO 28720 --- [main] .s.o.p.e.FrameworkEndpointHandlerMapping : Mapped "{[/oauth/confirm_access]}" onto public org.springframework.web.servlet.ModelAndView org.springframework.security.oauth2.provider.endpoint.WhitelabelApprovalEndpoint.getAccessConfirmation(java.util.Map<java.lang.String, java.lang.Object>,javax.servlet.http.HttpServletRequest) throws java.lang.Exception
2018-05-08 14:51:04.752  INFO 28720 --- [main] .s.o.p.e.FrameworkEndpointHandlerMapping : Mapped "{[/oauth/error]}" onto public org.springframework.web.servlet.ModelAndView org.springframework.security.oauth2.provider.endpoint.WhitelabelErrorEndpoint.handleError(javax.servlet.http.HttpServletRequest)
2018-05-08 14:51:05.120  INFO 28720 --- [main] s.w.s.m.m.a.RequestMappingHandlerMapping : Mapped "{[/admin/home],methods=[GET]}" onto public org.springframework.web.servlet.ModelAndView com.dotnar.usc.web.IndexController.home(java.security.Principal)
2018-05-08 14:51:05.133  INFO 28720 --- [main] s.w.s.m.m.a.RequestMappingHandlerMapping : Mapped "{[/ || /login],methods=[GET]}" onto public org.springframework.web.servlet.ModelAndView com.dotnar.usc.web.IndexController.login()
2018-05-08 14:51:05.137  INFO 28720 --- [main] s.w.s.m.m.a.RequestMappingHandlerMapping : Mapped "{[/user/test]}" onto public java.util.Map<java.lang.String, java.lang.Object> com.dotnar.usc.web.UserController.test()
2018-05-08 14:51:05.140  INFO 28720 --- [main] s.w.s.m.m.a.RequestMappingHandlerMapping : Mapped "{[/user/me]}" onto public java.util.Map<java.lang.String, java.lang.Object> com.dotnar.usc.web.UserController.user(java.security.Principal)
2018-05-08 14:51:05.150  INFO 28720 --- [main] s.w.s.m.m.a.RequestMappingHandlerMapping : Mapped "{[/not_found]}" onto public com.dotnar.usc.common.base.BaseResp com.dotnar.usc.core.config.GlobalExceptionHandler.not_found(javax.servlet.http.HttpServletRequest,java.lang.Throwable)
2018-05-08 14:51:05.159  INFO 28720 --- [main] s.w.s.m.m.a.RequestMappingHandlerMapping : Mapped "{[/dict/refresh],methods=[GET]}" onto public com.dotnar.usc.common.base.BaseResp com.dotnar.usc.core.controller.DictController.refresh()
2018-05-08 14:51:05.161  INFO 28720 --- [main] s.w.s.m.m.a.RequestMappingHandlerMapping : Mapped "{[/dict/getCountryDictList],methods=[POST]}" onto public com.dotnar.usc.common.base.BaseResp<java.util.List<com.dotnar.usc.core.vo.dict.CountryDict>> com.dotnar.usc.core.controller.DictController.getCountryDictList()
2018-05-08 14:51:05.166  INFO 28720 --- [main] s.w.s.m.m.a.RequestMappingHandlerMapping : Mapped "{[/dict/getIDCardTypeList],methods=[POST]}" onto public com.dotnar.usc.common.base.BaseResp<java.util.List<com.dotnar.usc.core.config.DictConfig$KV>> com.dotnar.usc.core.controller.DictController.getIDCardTypeList()
2018-05-08 14:51:05.172  INFO 28720 --- [main] s.w.s.m.m.a.RequestMappingHandlerMapping : Mapped "{[/static_code/getCodeImage],methods=[GET || POST],produces=[image/png]}" onto public void com.dotnar.usc.core.controller.StaticCodeController.getCodeImage(javax.servlet.http.HttpServletRequest,javax.servlet.http.HttpServletResponse)
2018-05-08 14:51:05.180  INFO 28720 --- [main] s.w.s.m.m.a.RequestMappingHandlerMapping : Mapped "{[/static_code/getCode],methods=[POST]}" onto public com.dotnar.usc.common.base.BaseResp com.dotnar.usc.core.controller.StaticCodeController.getCode(javax.servlet.http.HttpServletRequest)
2018-05-08 14:51:05.183  INFO 28720 --- [main] s.w.s.m.m.a.RequestMappingHandlerMapping : Mapped "{[/v2/api-docs],methods=[GET],produces=[application/json || application/hal+json]}" onto public org.springframework.http.ResponseEntity<springfox.documentation.spring.web.json.Json> springfox.documentation.swagger2.web.Swagger2Controller.getDocumentation(java.lang.String,javax.servlet.http.HttpServletRequest)
2018-05-08 14:51:05.195  INFO 28720 --- [main] s.w.s.m.m.a.RequestMappingHandlerMapping : Mapped "{[/swagger-resources/configuration/ui]}" onto org.springframework.http.ResponseEntity<springfox.documentation.swagger.web.UiConfiguration> springfox.documentation.swagger.web.ApiResourceController.uiConfiguration()
2018-05-08 14:51:05.213  INFO 28720 --- [main] s.w.s.m.m.a.RequestMappingHandlerMapping : Mapped "{[/swagger-resources]}" onto org.springframework.http.ResponseEntity<java.util.List<springfox.documentation.swagger.web.SwaggerResource>> springfox.documentation.swagger.web.ApiResourceController.swaggerResources()
2018-05-08 14:51:05.225  INFO 28720 --- [main] s.w.s.m.m.a.RequestMappingHandlerMapping : Mapped "{[/swagger-resources/configuration/security]}" onto org.springframework.http.ResponseEntity<springfox.documentation.swagger.web.SecurityConfiguration> springfox.documentation.swagger.web.ApiResourceController.securityConfiguration()
2018-05-08 14:51:05.230  INFO 28720 --- [main] s.w.s.m.m.a.RequestMappingHandlerMapping : Mapped "{[/error]}" onto public org.springframework.http.ResponseEntity<java.util.Map<java.lang.String, java.lang.Object>> org.springframework.boot.autoconfigure.web.BasicErrorController.error(javax.servlet.http.HttpServletRequest)
2018-05-08 14:51:05.236  INFO 28720 --- [main] s.w.s.m.m.a.RequestMappingHandlerMapping : Mapped "{[/error],produces=[text/html]}" onto public org.springframework.web.servlet.ModelAndView org.springframework.boot.autoconfigure.web.BasicErrorController.errorHtml(javax.servlet.http.HttpServletRequest,javax.servlet.http.HttpServletResponse)
2018-05-08 14:51:06.730  INFO 28720 --- [main] o.s.b.a.e.mvc.EndpointHandlerMapping     : Mapped "{[/restart || /restart.json],methods=[POST]}" onto public java.lang.Object org.springframework.cloud.context.restart.RestartMvcEndpoint.invoke()
2018-05-08 14:51:06.733  INFO 28720 --- [main] o.s.b.a.e.mvc.EndpointHandlerMapping     : Mapped "{[/actuator || /actuator.json],methods=[GET],produces=[application/vnd.spring-boot.actuator.v1+json || application/json]}" onto public org.springframework.hateoas.ResourceSupport org.springframework.boot.actuate.endpoint.mvc.HalJsonMvcEndpoint.links()
2018-05-08 14:51:06.735  INFO 28720 --- [main] o.s.b.a.e.mvc.EndpointHandlerMapping     : Mapped "{[/mappings || /mappings.json],methods=[GET],produces=[application/vnd.spring-boot.actuator.v1+json || application/json]}" onto public java.lang.Object org.springframework.boot.actuate.endpoint.mvc.EndpointMvcAdapter.invoke()
2018-05-08 14:51:06.739  INFO 28720 --- [main] o.s.b.a.e.mvc.EndpointHandlerMapping     : Mapped "{[/configprops || /configprops.json],methods=[GET],produces=[application/vnd.spring-boot.actuator.v1+json || application/json]}" onto public java.lang.Object org.springframework.boot.actuate.endpoint.mvc.EndpointMvcAdapter.invoke()
2018-05-08 14:51:06.745  INFO 28720 --- [main] o.s.b.a.e.mvc.EndpointHandlerMapping     : Mapped "{[/heapdump || /heapdump.json],methods=[GET],produces=[application/octet-stream]}" onto public void org.springframework.boot.actuate.endpoint.mvc.HeapdumpMvcEndpoint.invoke(boolean,javax.servlet.http.HttpServletRequest,javax.servlet.http.HttpServletResponse) throws java.io.IOException,javax.servlet.ServletException
2018-05-08 14:51:06.747  INFO 28720 --- [main] o.s.b.a.e.mvc.EndpointHandlerMapping     : Mapped "{[/autoconfig || /autoconfig.json],methods=[GET],produces=[application/vnd.spring-boot.actuator.v1+json || application/json]}" onto public java.lang.Object org.springframework.boot.actuate.endpoint.mvc.EndpointMvcAdapter.invoke()
2018-05-08 14:51:06.750  INFO 28720 --- [main] o.s.b.a.e.mvc.EndpointHandlerMapping     : Mapped "{[/health || /health.json],methods=[GET],produces=[application/vnd.spring-boot.actuator.v1+json || application/json]}" onto public java.lang.Object org.springframework.boot.actuate.endpoint.mvc.HealthMvcEndpoint.invoke(javax.servlet.http.HttpServletRequest,java.security.Principal)
2018-05-08 14:51:06.753  INFO 28720 --- [main] o.s.b.a.e.mvc.EndpointHandlerMapping     : Mapped "{[/features || /features.json],methods=[GET],produces=[application/vnd.spring-boot.actuator.v1+json || application/json]}" onto public java.lang.Object org.springframework.boot.actuate.endpoint.mvc.EndpointMvcAdapter.invoke()
2018-05-08 14:51:06.759  INFO 28720 --- [main] o.s.b.a.e.mvc.EndpointHandlerMapping     : Mapped "{[/env],methods=[POST]}" onto public java.lang.Object org.springframework.cloud.context.environment.EnvironmentManagerMvcEndpoint.value(java.util.Map<java.lang.String, java.lang.String>)
2018-05-08 14:51:06.766  INFO 28720 --- [main] o.s.b.a.e.mvc.EndpointHandlerMapping     : Mapped "{[/env/reset],methods=[POST]}" onto public java.util.Map<java.lang.String, java.lang.Object> org.springframework.cloud.context.environment.EnvironmentManagerMvcEndpoint.reset()
2018-05-08 14:51:06.769  INFO 28720 --- [main] o.s.b.a.e.mvc.EndpointHandlerMapping     : Mapped "{[/resume || /resume.json],methods=[POST]}" onto public java.lang.Object org.springframework.cloud.endpoint.GenericPostableMvcEndpoint.invoke()
2018-05-08 14:51:06.774  INFO 28720 --- [main] o.s.b.a.e.mvc.EndpointHandlerMapping     : Mapped "{[/env/{name:.*}],methods=[GET],produces=[application/vnd.spring-boot.actuator.v1+json || application/json]}" onto public java.lang.Object org.springframework.boot.actuate.endpoint.mvc.EnvironmentMvcEndpoint.value(java.lang.String)
2018-05-08 14:51:06.776  INFO 28720 --- [main] o.s.b.a.e.mvc.EndpointHandlerMapping     : Mapped "{[/env || /env.json],methods=[GET],produces=[application/vnd.spring-boot.actuator.v1+json || application/json]}" onto public java.lang.Object org.springframework.boot.actuate.endpoint.mvc.EndpointMvcAdapter.invoke()
2018-05-08 14:51:06.781  INFO 28720 --- [main] o.s.b.a.e.mvc.EndpointHandlerMapping     : Mapped "{[/pause || /pause.json],methods=[POST]}" onto public java.lang.Object org.springframework.cloud.endpoint.GenericPostableMvcEndpoint.invoke()
2018-05-08 14:51:06.786  INFO 28720 --- [main] o.s.b.a.e.mvc.EndpointHandlerMapping     : Mapped "{[/logfile || /logfile.json],methods=[GET || HEAD]}" onto public void org.springframework.boot.actuate.endpoint.mvc.LogFileMvcEndpoint.invoke(javax.servlet.http.HttpServletRequest,javax.servlet.http.HttpServletResponse) throws javax.servlet.ServletException,java.io.IOException
2018-05-08 14:51:06.794  INFO 28720 --- [main] o.s.b.a.e.mvc.EndpointHandlerMapping     : Mapped "{[/info || /info.json],methods=[GET],produces=[application/vnd.spring-boot.actuator.v1+json || application/json]}" onto public java.lang.Object org.springframework.boot.actuate.endpoint.mvc.EndpointMvcAdapter.invoke()
2018-05-08 14:51:06.797  INFO 28720 --- [main] o.s.b.a.e.mvc.EndpointHandlerMapping     : Mapped "{[/beans || /beans.json],methods=[GET],produces=[application/vnd.spring-boot.actuator.v1+json || application/json]}" onto public java.lang.Object org.springframework.boot.actuate.endpoint.mvc.EndpointMvcAdapter.invoke()
2018-05-08 14:51:06.799  INFO 28720 --- [main] o.s.b.a.e.mvc.EndpointHandlerMapping     : Mapped "{[/archaius || /archaius.json],methods=[GET],produces=[application/vnd.spring-boot.actuator.v1+json || application/json]}" onto public java.lang.Object org.springframework.boot.actuate.endpoint.mvc.EndpointMvcAdapter.invoke()
2018-05-08 14:51:06.808  INFO 28720 --- [main] o.s.b.a.e.mvc.EndpointHandlerMapping     : Mapped "{[/loggers/{name:.*}],methods=[GET],produces=[application/vnd.spring-boot.actuator.v1+json || application/json]}" onto public java.lang.Object org.springframework.boot.actuate.endpoint.mvc.LoggersMvcEndpoint.get(java.lang.String)
2018-05-08 14:51:06.812  INFO 28720 --- [main] o.s.b.a.e.mvc.EndpointHandlerMapping     : Mapped "{[/loggers/{name:.*}],methods=[POST],consumes=[application/vnd.spring-boot.actuator.v1+json || application/json],produces=[application/vnd.spring-boot.actuator.v1+json || application/json]}" onto public java.lang.Object org.springframework.boot.actuate.endpoint.mvc.LoggersMvcEndpoint.set(java.lang.String,java.util.Map<java.lang.String, java.lang.String>)
2018-05-08 14:51:06.821  INFO 28720 --- [main] o.s.b.a.e.mvc.EndpointHandlerMapping     : Mapped "{[/loggers || /loggers.json],methods=[GET],produces=[application/vnd.spring-boot.actuator.v1+json || application/json]}" onto public java.lang.Object org.springframework.boot.actuate.endpoint.mvc.EndpointMvcAdapter.invoke()
2018-05-08 14:51:06.827  INFO 28720 --- [main] o.s.b.a.e.mvc.EndpointHandlerMapping     : Mapped "{[/metrics/{name:.*}],methods=[GET],produces=[application/vnd.spring-boot.actuator.v1+json || application/json]}" onto public java.lang.Object org.springframework.boot.actuate.endpoint.mvc.MetricsMvcEndpoint.value(java.lang.String)
2018-05-08 14:51:06.830  INFO 28720 --- [main] o.s.b.a.e.mvc.EndpointHandlerMapping     : Mapped "{[/metrics || /metrics.json],methods=[GET],produces=[application/vnd.spring-boot.actuator.v1+json || application/json]}" onto public java.lang.Object org.springframework.boot.actuate.endpoint.mvc.EndpointMvcAdapter.invoke()
2018-05-08 14:51:06.841  INFO 28720 --- [main] o.s.b.a.e.mvc.EndpointHandlerMapping     : Mapped "{[/dump || /dump.json],methods=[GET],produces=[application/vnd.spring-boot.actuator.v1+json || application/json]}" onto public java.lang.Object org.springframework.boot.actuate.endpoint.mvc.EndpointMvcAdapter.invoke()
2018-05-08 14:51:06.843  INFO 28720 --- [main] o.s.b.a.e.mvc.EndpointHandlerMapping     : Mapped "{[/auditevents || /auditevents.json],methods=[GET],produces=[application/vnd.spring-boot.actuator.v1+json || application/json]}" onto public org.springframework.http.ResponseEntity<?> org.springframework.boot.actuate.endpoint.mvc.AuditEventsMvcEndpoint.findByPrincipalAndAfterAndType(java.lang.String,java.util.Date,java.lang.String)
2018-05-08 14:51:06.854  INFO 28720 --- [main] o.s.b.a.e.mvc.EndpointHandlerMapping     : Mapped "{[/refresh || /refresh.json],methods=[POST]}" onto public java.lang.Object org.springframework.cloud.endpoint.GenericPostableMvcEndpoint.invoke()
2018-05-08 14:51:06.858  INFO 28720 --- [main] o.s.b.a.e.mvc.EndpointHandlerMapping     : Mapped "{[/trace || /trace.json],methods=[GET],produces=[application/vnd.spring-boot.actuator.v1+json || application/json]}" onto public java.lang.Object org.springframework.boot.actuate.endpoint.mvc.EndpointMvcAdapter.invoke()
2018-05-08 14:51:09.026  INFO 28720 --- [main] s.w.s.m.m.a.RequestMappingHandlerAdapter : Looking for @ControllerAdvice: org.springframework.boot.context.embedded.AnnotationConfigEmbeddedWebApplicationContext@25230246: startup date [Tue May 08 14:50:34 CST 2018]; parent: org.springframework.context.annotation.AnnotationConfigApplicationContext@534a5a98
2018-05-08 14:51:09.036  INFO 28720 --- [main] s.w.s.m.m.a.RequestMappingHandlerAdapter : Detected ResponseBodyAdvice bean in org.springframework.boot.actuate.autoconfigure.EndpointWebMvcHypermediaManagementContextConfiguration$ActuatorEndpointLinksAdvice
2018-05-08 14:51:09.612  INFO 28720 --- [main] o.s.w.s.handler.SimpleUrlHandlerMapping  : Mapped URL path [/swagger-ui.html] onto handler of type [class org.springframework.web.servlet.resource.ResourceHttpRequestHandler]
2018-05-08 14:51:09.628  INFO 28720 --- [main] o.s.w.s.handler.SimpleUrlHandlerMapping  : Mapped URL path [/webjars/**] onto handler of type [class org.springframework.web.servlet.resource.ResourceHttpRequestHandler]
2018-05-08 14:51:09.640  INFO 28720 --- [main] o.s.w.s.handler.SimpleUrlHandlerMapping  : Mapped URL path [/**] onto handler of type [class org.springframework.web.servlet.resource.ResourceHttpRequestHandler]
2018-05-08 14:51:09.730  INFO 28720 --- [main] .m.m.a.ExceptionHandlerExceptionResolver : Detected @ExceptionHandler methods in globalExceptionHandler
2018-05-08 14:51:09.760  INFO 28720 --- [main] .m.m.a.ExceptionHandlerExceptionResolver : Detected ResponseBodyAdvice implementation in org.springframework.boot.actuate.autoconfigure.EndpointWebMvcHypermediaManagementContextConfiguration$ActuatorEndpointLinksAdvice
2018-05-08 14:51:09.963  INFO 28720 --- [main] o.s.w.s.handler.SimpleUrlHandlerMapping  : Mapped URL path [/**/favicon.ico] onto handler of type [class org.springframework.web.servlet.resource.ResourceHttpRequestHandler]
2018-05-08 14:51:12.353  INFO 28720 --- [main] o.s.s.web.DefaultSecurityFilterChain     : Creating filter chain: OrRequestMatcher [requestMatchers=[Ant [pattern='/css/**'], Ant [pattern='/js/**'], Ant [pattern='/images/**'], Ant [pattern='/webjars/**'], Ant [pattern='/**/favicon.ico'], Ant [pattern='/error']]], []
2018-05-08 14:51:12.353  INFO 28720 --- [main] o.s.s.web.DefaultSecurityFilterChain     : Creating filter chain: org.springframework.boot.actuate.autoconfigure.ManagementWebSecurityAutoConfiguration$LazyEndpointPathRequestMatcher@18f845e7, []
2018-05-08 14:51:12.356  INFO 28720 --- [main] o.s.s.web.DefaultSecurityFilterChain     : Creating filter chain: Ant [pattern='/resources/**'], []
2018-05-08 14:51:12.361  INFO 28720 --- [main] o.s.s.web.DefaultSecurityFilterChain     : Creating filter chain: Ant [pattern='/static/**'], []
2018-05-08 14:51:12.362  INFO 28720 --- [main] o.s.s.web.DefaultSecurityFilterChain     : Creating filter chain: Ant [pattern='/style/**'], []
2018-05-08 14:51:12.362  INFO 28720 --- [main] o.s.s.web.DefaultSecurityFilterChain     : Creating filter chain: Ant [pattern='/lib/**'], []
2018-05-08 14:51:12.363  INFO 28720 --- [main] o.s.s.web.DefaultSecurityFilterChain     : Creating filter chain: Ant [pattern='/js/**'], []
2018-05-08 14:51:12.363  INFO 28720 --- [main] o.s.s.web.DefaultSecurityFilterChain     : Creating filter chain: Ant [pattern='/img/**'], []
2018-05-08 14:51:12.592  INFO 28720 --- [main] o.s.s.web.DefaultSecurityFilterChain     : Creating filter chain: OrRequestMatcher [requestMatchers=[Ant [pattern='/oauth/token'], Ant [pattern='/oauth/token_key'], Ant [pattern='/oauth/check_token']]], [org.springframework.security.web.context.request.async.WebAsyncManagerIntegrationFilter@e37fdd1, org.springframework.security.web.context.SecurityContextPersistenceFilter@5efae223, org.springframework.security.web.header.HeaderWriterFilter@7c7d3581, org.springframework.security.web.authentication.logout.LogoutFilter@73dedaf3, org.springframework.security.web.authentication.www.BasicAuthenticationFilter@4eccd7e5, org.springframework.security.web.savedrequest.RequestCacheAwareFilter@4d7d47f3, org.springframework.security.web.servletapi.SecurityContextHolderAwareRequestFilter@2eea5707, org.springframework.security.web.authentication.AnonymousAuthenticationFilter@6f2912c5, org.springframework.security.web.session.SessionManagementFilter@5bce1e69, org.springframework.security.web.access.ExceptionTranslationFilter@71bc94fa, org.springframework.security.web.access.intercept.FilterSecurityInterceptor@38644646]
2018-05-08 14:51:12.649  INFO 28720 --- [main] o.s.s.web.DefaultSecurityFilterChain     : Creating filter chain: OrRequestMatcher [requestMatchers=[Ant [pattern='/'], Ant [pattern='/login'], Ant [pattern='/oauth/authorize']]], [org.springframework.security.web.context.request.async.WebAsyncManagerIntegrationFilter@12c27788, org.springframework.security.web.context.SecurityContextPersistenceFilter@697fc544, org.springframework.security.web.header.HeaderWriterFilter@6a3c275a, org.springframework.security.web.authentication.logout.LogoutFilter@6ac9e665, org.springframework.security.web.authentication.UsernamePasswordAuthenticationFilter@7d8b5b9d, org.springframework.security.web.savedrequest.RequestCacheAwareFilter@2dd605b9, org.springframework.security.web.servletapi.SecurityContextHolderAwareRequestFilter@26dbe1ae, org.springframework.security.web.authentication.AnonymousAuthenticationFilter@1838a100, org.springframework.security.web.session.SessionManagementFilter@4df025dd, org.springframework.security.web.access.ExceptionTranslationFilter@15ea20e2, org.springframework.security.web.access.intercept.FilterSecurityInterceptor@5518a8bf]
2018-05-08 14:51:12.691  INFO 28720 --- [main] o.s.s.web.DefaultSecurityFilterChain     : Creating filter chain: org.springframework.security.oauth2.config.annotation.web.configuration.ResourceServerConfiguration$NotOAuthRequestMatcher@728e3dc9, [org.springframework.security.web.context.request.async.WebAsyncManagerIntegrationFilter@1fd81048, org.springframework.security.web.context.SecurityContextPersistenceFilter@439342a, org.springframework.security.web.header.HeaderWriterFilter@6f0f98fc, org.springframework.security.web.authentication.logout.LogoutFilter@151a8228, org.springframework.security.oauth2.provider.authentication.OAuth2AuthenticationProcessingFilter@78556f0f, org.springframework.security.web.savedrequest.RequestCacheAwareFilter@184b7e00, org.springframework.security.web.servletapi.SecurityContextHolderAwareRequestFilter@b10dd8d, org.springframework.security.web.authentication.AnonymousAuthenticationFilter@3346245e, org.springframework.security.web.session.SessionManagementFilter@1f00228d, org.springframework.security.web.access.ExceptionTranslationFilter@6b8eec09, org.springframework.security.web.access.intercept.FilterSecurityInterceptor@39949f88]
2018-05-08 14:51:12.700  INFO 28720 --- [main] o.s.s.web.DefaultSecurityFilterChain     : Creating filter chain: OrRequestMatcher [requestMatchers=[Ant [pattern='/**']]], [org.springframework.security.web.context.request.async.WebAsyncManagerIntegrationFilter@32052b5e, org.springframework.security.web.context.SecurityContextPersistenceFilter@78761e4e, org.springframework.security.web.header.HeaderWriterFilter@5c6fa723, org.springframework.security.web.authentication.logout.LogoutFilter@2d1a4bf, org.springframework.security.web.authentication.www.BasicAuthenticationFilter@4a9d4ec5, org.springframework.security.web.savedrequest.RequestCacheAwareFilter@7f0f12a9, org.springframework.security.web.servletapi.SecurityContextHolderAwareRequestFilter@5e78e4d4, org.springframework.security.web.authentication.AnonymousAuthenticationFilter@5a8874f7, org.springframework.security.web.session.SessionManagementFilter@57817e8a, org.springframework.security.web.access.ExceptionTranslationFilter@35165d14, org.springframework.security.web.access.intercept.FilterSecurityInterceptor@7b77b0ea]
2018-05-08 14:51:15.044  WARN 28720 --- [main] c.n.c.sources.URLConfigurationSource     : No URLs will be polled as dynamic configuration sources.
2018-05-08 14:51:15.045  INFO 28720 --- [main] c.n.c.sources.URLConfigurationSource     : To enable URLs as dynamic configuration sources, define System property archaius.configurationSource.additionalUrls or make config.properties available on classpath.
2018-05-08 14:51:15.058  WARN 28720 --- [main] c.n.c.sources.URLConfigurationSource     : No URLs will be polled as dynamic configuration sources.
2018-05-08 14:51:15.058  INFO 28720 --- [main] c.n.c.sources.URLConfigurationSource     : To enable URLs as dynamic configuration sources, define System property archaius.configurationSource.additionalUrls or make config.properties available on classpath.
2018-05-08 14:51:15.854  INFO 28720 --- [main] o.s.c.support.DefaultLifecycleProcessor  : Starting beans in phase 2147483647
2018-05-08 14:51:15.855  INFO 28720 --- [main] d.s.w.p.DocumentationPluginsBootstrapper : Context refreshed
2018-05-08 14:51:15.897  INFO 28720 --- [main] d.s.w.p.DocumentationPluginsBootstrapper : Found 1 custom documentation plugin(s)
2018-05-08 14:51:15.929  INFO 28720 --- [main] s.d.s.w.s.ApiListingReferenceScanner     : Scanning for api listing references
2018-05-08 14:51:16.186  INFO 28720 --- [main] s.a.ScheduledAnnotationBeanPostProcessor : No TaskScheduler/ScheduledExecutorService bean found for scheduled processing
2018-05-08 14:51:16.304  INFO 28720 --- [main] s.b.c.e.t.TomcatEmbeddedServletContainer : Tomcat started on port(s): 8080 (http)
2018-05-08 14:51:16.313  INFO 28720 --- [main] com.dotnar.usc.OAuth2ServerApplication   : Started OAuth2ServerApplication in 44.842 seconds (JVM running for 46.181)
2018-05-08 14:51:20.341  INFO 28720 --- [http-nio-8080-exec-2] o.a.c.c.C.[Tomcat].[localhost].[/auth]   : Initializing Spring FrameworkServlet 'dispatcherServlet'
2018-05-08 14:51:20.341  INFO 28720 --- [http-nio-8080-exec-2] o.s.web.servlet.DispatcherServlet        : FrameworkServlet 'dispatcherServlet': initialization started
2018-05-08 14:51:20.451  INFO 28720 --- [http-nio-8080-exec-2] o.s.web.servlet.DispatcherServlet        : FrameworkServlet 'dispatcherServlet': initialization completed in 108 ms
2018-05-08 14:51:59.512  INFO 28720 --- [Thread-8] ationConfigEmbeddedWebApplicationContext : Closing org.springframework.boot.context.embedded.AnnotationConfigEmbeddedWebApplicationContext@25230246: startup date [Tue May 08 14:50:34 CST 2018]; parent: org.springframework.context.annotation.AnnotationConfigApplicationContext@534a5a98
2018-05-08 14:51:59.542  INFO 28720 --- [Thread-8] o.s.c.support.DefaultLifecycleProcessor  : Stopping beans in phase 2147483647
